<?xml version="1.0" encoding="UTF-8"?>
<!-- Generated by org.testng.reporters.JUnitReportReporter -->
<testsuite hostname="LAPTOP-VR92I9TB" failures="0" tests="4" name="api.test.UserTests2" time="7.424" errors="0" timestamp="2023-06-17T22:16:10 IST" skipped="0">
  <testcase classname="api.test.UserTests2" name="testPostUser" time="1.498"/>
  <testcase classname="api.test.UserTests2" name="testGetUserByName" time="1.533"/>
  <testcase classname="api.test.UserTests2" name="testUpdateUserByName" time="2.891"/>
  <testcase classname="api.test.UserTests2" name="testDeleteUserByName" time="1.502"/>
</testsuite> <!-- api.test.UserTests2 -->
