<?xml version="1.0" encoding="UTF-8"?>
<!-- Generated by org.testng.reporters.JUnitReportReporter -->
<testsuite hostname="LAPTOP-VR92I9TB" failures="0" tests="4" name="api.test.UserTests" time="8.800" errors="0" timestamp="2023-06-17T22:16:10 IST" skipped="0">
  <testcase classname="api.test.UserTests" name="testPostUser" time="2.741"/>
  <testcase classname="api.test.UserTests" name="testGetUserByName" time="1.472"/>
  <testcase classname="api.test.UserTests" name="testUpdateUserByName" time="3.052"/>
  <testcase classname="api.test.UserTests" name="testDeleteUserByName" time="1.535"/>
</testsuite> <!-- api.test.UserTests -->
